0 info it worked if it ends with ok
1 verbose cli [ 'node',
1 verbose cli   '/usr/local/bin/npm',
1 verbose cli   'install',
1 verbose cli   'child_process',
1 verbose cli   '--save-dev' ]
2 info using npm@2.10.1
3 info using node@v0.12.4
4 verbose node symlink /usr/local/bin/node
5 verbose install initial load of /Users/nicolasfourre/Documents/Gravitee.io/www/package.json
6 warn package.json email-node@1.0.0 No description
7 warn package.json email-node@1.0.0 No repository field.
8 warn package.json email-node@1.0.0 No README data
9 warn package.json email-node@1.0.0 No license field.
10 verbose installManyTop reading scoped package data from /Users/nicolasfourre/Documents/Gravitee.io/www/node_modules/express/package.json
11 verbose installManyTop reading scoped package data from /Users/nicolasfourre/Documents/Gravitee.io/www/node_modules/gulp/package.json
12 verbose installManyTop reading scoped package data from /Users/nicolasfourre/Documents/Gravitee.io/www/node_modules/gulp-connect/package.json
13 verbose installManyTop reading scoped package data from /Users/nicolasfourre/Documents/Gravitee.io/www/node_modules/gulp-less/package.json
14 verbose installManyTop reading scoped package data from /Users/nicolasfourre/Documents/Gravitee.io/www/node_modules/gulp-watch/package.json
15 verbose installManyTop reading scoped package data from /Users/nicolasfourre/Documents/Gravitee.io/www/node_modules/nodemailer/package.json
16 info package.json nodemailer@0.7.1 No license field.
17 verbose readDependencies loading dependencies from /Users/nicolasfourre/Documents/Gravitee.io/www/package.json
18 silly cache add args [ 'child_process', null ]
19 verbose cache add spec child_process
20 silly cache add parsed spec { raw: 'child_process',
20 silly cache add   scope: null,
20 silly cache add   name: 'child_process',
20 silly cache add   rawSpec: '',
20 silly cache add   spec: '*',
20 silly cache add   type: 'range' }
21 silly addNamed child_process@*
22 verbose addNamed "*" is a valid semver range for child_process
23 silly addNameRange { name: 'child_process', range: '*', hasData: false }
24 silly mapToRegistry name child_process
25 silly mapToRegistry using default registry
26 silly mapToRegistry registry https://registry.npmjs.org/
27 silly mapToRegistry uri https://registry.npmjs.org/child_process
28 verbose addNameRange registry:https://registry.npmjs.org/child_process not in flight; fetching
29 verbose request uri https://registry.npmjs.org/child_process
30 verbose request no auth needed
31 info attempt registry request try #1 at 17:32:57
32 verbose request id 28ad510f58fdaa22
33 http request GET https://registry.npmjs.org/child_process
34 http 404 https://registry.npmjs.org/child_process
35 verbose headers { server: 'CouchDB/1.5.0 (Erlang OTP/R16B03)',
35 verbose headers   'content-type': 'application/json',
35 verbose headers   'cache-control': 'max-age=0',
35 verbose headers   'content-length': '51',
35 verbose headers   'accept-ranges': 'bytes',
35 verbose headers   date: 'Wed, 22 Jul 2015 15:32:57 GMT',
35 verbose headers   via: '1.1 varnish',
35 verbose headers   age: '0',
35 verbose headers   connection: 'keep-alive',
35 verbose headers   'x-served-by': 'cache-ams4128-AMS',
35 verbose headers   'x-cache': 'MISS',
35 verbose headers   'x-cache-hits': '0',
35 verbose headers   'x-timer': 'S1437579177.018696,VS0,VE173' }
36 silly get cb [ 404,
36 silly get   { server: 'CouchDB/1.5.0 (Erlang OTP/R16B03)',
36 silly get     'content-type': 'application/json',
36 silly get     'cache-control': 'max-age=0',
36 silly get     'content-length': '51',
36 silly get     'accept-ranges': 'bytes',
36 silly get     date: 'Wed, 22 Jul 2015 15:32:57 GMT',
36 silly get     via: '1.1 varnish',
36 silly get     age: '0',
36 silly get     connection: 'keep-alive',
36 silly get     'x-served-by': 'cache-ams4128-AMS',
36 silly get     'x-cache': 'MISS',
36 silly get     'x-cache-hits': '0',
36 silly get     'x-timer': 'S1437579177.018696,VS0,VE173' } ]
37 verbose stack Error: 404 Not Found: child_process
37 verbose stack     at CachingRegistryClient.<anonymous> (/usr/local/lib/node_modules/npm/node_modules/npm-registry-client/lib/request.js:245:14)
37 verbose stack     at Request._callback (/usr/local/lib/node_modules/npm/node_modules/npm-registry-client/lib/request.js:170:14)
37 verbose stack     at Request.self.callback (/usr/local/lib/node_modules/npm/node_modules/request/request.js:368:22)
37 verbose stack     at Request.emit (events.js:110:17)
37 verbose stack     at Request.<anonymous> (/usr/local/lib/node_modules/npm/node_modules/request/request.js:1219:14)
37 verbose stack     at Request.emit (events.js:129:20)
37 verbose stack     at IncomingMessage.<anonymous> (/usr/local/lib/node_modules/npm/node_modules/request/request.js:1167:12)
37 verbose stack     at IncomingMessage.emit (events.js:129:20)
37 verbose stack     at _stream_readable.js:908:16
37 verbose stack     at process._tickCallback (node.js:355:11)
38 verbose statusCode 404
39 verbose pkgid child_process
40 verbose cwd /Users/nicolasfourre/Documents/Gravitee.io/www
41 error Darwin 14.3.0
42 error argv "node" "/usr/local/bin/npm" "install" "child_process" "--save-dev"
43 error node v0.12.4
44 error npm  v2.10.1
45 error code E404
46 error 404 Not Found: child_process
46 error 404
46 error 404 'child_process' is not in the npm registry.
46 error 404 You should bug the author to publish it (or use the name yourself!)
46 error 404 It was specified as a dependency of 'email-node'
46 error 404
46 error 404 Note that you can also install from a
46 error 404 tarball, folder, http url, or git url.
47 verbose exit [ 1, true ]
