Express Started on Port 3000
Express Started on Port 3000
Express Started on Port 3000
Express Started on Port 3000
Express Started on Port 3000
test ok
Envoi du mail OK
Express Started on Port 3000
Envoi du mail OK
Envoi du mail OK
Envoi du mail OK
Express Started on Port 3000
Envoi du mail OK
Express Started on Port 3000
{ from: undefined, name: undefined, text: undefined }
Express Started on Port 3000
{ _readableState: 
   { objectMode: false,
     highWaterMark: 16384,
     buffer: [],
     length: 0,
     pipes: null,
     pipesCount: 0,
     flowing: null,
     ended: false,
     endEmitted: false,
     reading: false,
     sync: true,
     needReadable: false,
     emittedReadable: false,
     readableListening: false,
     defaultEncoding: 'utf8',
     ranOut: false,
     awaitDrain: 0,
     readingMore: false,
     decoder: null,
     encoding: null },
  readable: true,
  domain: null,
  _events: {},
  _maxListeners: undefined,
  socket: 
   { _connecting: false,
     _hadError: false,
     _handle: 
      { fd: 13,
        reading: true,
        owner: [Circular],
        onread: [Function: onread],
        onconnection: null,
        writeQueueSize: 0 },
     _parent: null,
     _host: null,
     _readableState: 
      { objectMode: false,
        highWaterMark: 16384,
        buffer: [],
        length: 0,
        pipes: null,
        pipesCount: 0,
        flowing: true,
        ended: false,
        endEmitted: false,
        reading: false,
        sync: false,
        needReadable: true,
        emittedReadable: false,
        readableListening: false,
        defaultEncoding: 'utf8',
        ranOut: false,
        awaitDrain: 0,
        readingMore: false,
        decoder: null,
        encoding: null,
        resumeScheduled: false },
     readable: true,
     domain: null,
     _events: 
      { end: [Object],
        finish: [Function: onSocketFinish],
        _socketEnd: [Function: onSocketEnd],
        drain: [Object],
        timeout: [Function],
        error: [Function: socketOnError],
        close: [Object],
        data: [Function: socketOnData] },
     _maxListeners: undefined,
     _writableState: 
      { objectMode: false,
        highWaterMark: 16384,
        needDrain: false,
        ending: false,
        ended: false,
        finished: false,
        decodeStrings: false,
        defaultEncoding: 'utf8',
        length: 0,
        writing: false,
        corked: 0,
        sync: true,
        bufferProcessing: false,
        onwrite: [Function],
        writecb: null,
        writelen: 0,
        bufferedRequest: null,
        lastBufferedRequest: null,
        pendingcb: 0,
        prefinished: false,
        errorEmitted: false },
     writable: true,
     allowHalfOpen: true,
     destroyed: false,
     bytesRead: 406,
     _bytesDispatched: 0,
     _pendingData: null,
     _pendingEncoding: '',
     server: 
      { domain: null,
        _events: [Object],
        _maxListeners: undefined,
        _connections: 1,
        _handle: [Object],
        _usingSlaves: false,
        _slaves: [],
        allowHalfOpen: true,
        pauseOnConnect: false,
        httpAllowHalfOpen: false,
        timeout: 120000,
        _connectionKey: '4:null:3000' },
     _idleTimeout: 120000,
     _idleNext: { _idleNext: [Circular], _idlePrev: [Circular] },
     _idlePrev: { _idleNext: [Circular], _idlePrev: [Circular] },
     _idleStart: 28260908,
     parser: 
      { '0': [Function: parserOnHeaders],
        '1': [Function: parserOnHeadersComplete],
        '2': [Function: parserOnBody],
        '3': [Function: parserOnMessageComplete],
        _headers: [],
        _url: '',
        socket: [Circular],
        incoming: [Circular],
        maxHeaderPairs: 2000,
        onIncoming: [Function: parserOnIncoming] },
     _paused: false,
     read: [Function],
     _consuming: true,
     _httpMessage: 
      { domain: null,
        _events: [Object],
        _maxListeners: undefined,
        output: [],
        outputEncodings: [],
        outputCallbacks: [],
        writable: true,
        _last: false,
        chunkedEncoding: false,
        shouldKeepAlive: true,
        useChunkedEncodingByDefault: true,
        sendDate: true,
        _removedHeader: {},
        _hasBody: true,
        _trailer: '',
        finished: false,
        _hangupClose: false,
        _headerSent: false,
        socket: [Circular],
        connection: [Circular],
        _header: null,
        _headers: [Object],
        _headerNames: [Object],
        req: [Circular],
        locals: {} } },
  connection: 
   { _connecting: false,
     _hadError: false,
     _handle: 
      { fd: 13,
        reading: true,
        owner: [Circular],
        onread: [Function: onread],
        onconnection: null,
        writeQueueSize: 0 },
     _parent: null,
     _host: null,
     _readableState: 
      { objectMode: false,
        highWaterMark: 16384,
        buffer: [],
        length: 0,
        pipes: null,
        pipesCount: 0,
        flowing: true,
        ended: false,
        endEmitted: false,
        reading: false,
        sync: false,
        needReadable: true,
        emittedReadable: false,
        readableListening: false,
        defaultEncoding: 'utf8',
        ranOut: false,
        awaitDrain: 0,
        readingMore: false,
        decoder: null,
        encoding: null,
        resumeScheduled: false },
     readable: true,
     domain: null,
     _events: 
      { end: [Object],
        finish: [Function: onSocketFinish],
        _socketEnd: [Function: onSocketEnd],
        drain: [Object],
        timeout: [Function],
        error: [Function: socketOnError],
        close: [Object],
        data: [Function: socketOnData] },
     _maxListeners: undefined,
     _writableState: 
      { objectMode: false,
        highWaterMark: 16384,
        needDrain: false,
        ending: false,
        ended: false,
        finished: false,
        decodeStrings: false,
        defaultEncoding: 'utf8',
        length: 0,
        writing: false,
        corked: 0,
        sync: true,
        bufferProcessing: false,
        onwrite: [Function],
        writecb: null,
        writelen: 0,
        bufferedRequest: null,
        lastBufferedRequest: null,
        pendingcb: 0,
        prefinished: false,
        errorEmitted: false },
     writable: true,
     allowHalfOpen: true,
     destroyed: false,
     bytesRead: 406,
     _bytesDispatched: 0,
     _pendingData: null,
     _pendingEncoding: '',
     server: 
      { domain: null,
        _events: [Object],
        _maxListeners: undefined,
        _connections: 1,
        _handle: [Object],
        _usingSlaves: false,
        _slaves: [],
        allowHalfOpen: true,
        pauseOnConnect: false,
        httpAllowHalfOpen: false,
        timeout: 120000,
        _connectionKey: '4:null:3000' },
     _idleTimeout: 120000,
     _idleNext: { _idleNext: [Circular], _idlePrev: [Circular] },
     _idlePrev: { _idleNext: [Circular], _idlePrev: [Circular] },
     _idleStart: 28260908,
     parser: 
      { '0': [Function: parserOnHeaders],
        '1': [Function: parserOnHeadersComplete],
        '2': [Function: parserOnBody],
        '3': [Function: parserOnMessageComplete],
        _headers: [],
        _url: '',
        socket: [Circular],
        incoming: [Circular],
        maxHeaderPairs: 2000,
        onIncoming: [Function: parserOnIncoming] },
     _paused: false,
     read: [Function],
     _consuming: true,
     _httpMessage: 
      { domain: null,
        _events: [Object],
        _maxListeners: undefined,
        output: [],
        outputEncodings: [],
        outputCallbacks: [],
        writable: true,
        _last: false,
        chunkedEncoding: false,
        shouldKeepAlive: true,
        useChunkedEncodingByDefault: true,
        sendDate: true,
        _removedHeader: {},
        _hasBody: true,
        _trailer: '',
        finished: false,
        _hangupClose: false,
        _headerSent: false,
        socket: [Circular],
        connection: [Circular],
        _header: null,
        _headers: [Object],
        _headerNames: [Object],
        req: [Circular],
        locals: {} } },
  httpVersionMajor: 1,
  httpVersionMinor: 1,
  httpVersion: '1.1',
  complete: false,
  headers: 
   { host: 'localhost:3000',
     connection: 'keep-alive',
     'user-agent': 'Mozilla/5.0 (Macintosh; Intel Mac OS X 10_10_3) AppleWebKit/537.36 (KHTML, like Gecko) Chrome/43.0.2357.134 Safari/537.36',
     origin: 'http://localhost:8080',
     accept: '*/*',
     referer: 'http://localhost:8080/',
     'accept-encoding': 'gzip, deflate, sdch',
     'accept-language': 'fr-FR,fr;q=0.8,en-US;q=0.6,en;q=0.4',
     'if-none-match': 'W/"10-2875568557"' },
  rawHeaders: 
   [ 'Host',
     'localhost:3000',
     'Connection',
     'keep-alive',
     'User-Agent',
     'Mozilla/5.0 (Macintosh; Intel Mac OS X 10_10_3) AppleWebKit/537.36 (KHTML, like Gecko) Chrome/43.0.2357.134 Safari/537.36',
     'Origin',
     'http://localhost:8080',
     'Accept',
     '*/*',
     'Referer',
     'http://localhost:8080/',
     'Accept-Encoding',
     'gzip, deflate, sdch',
     'Accept-Language',
     'fr-FR,fr;q=0.8,en-US;q=0.6,en;q=0.4',
     'If-None-Match',
     'W/"10-2875568557"' ],
  trailers: {},
  rawTrailers: [],
  _pendings: [],
  _pendingIndex: 0,
  upgrade: false,
  url: '/send',
  method: 'GET',
  statusCode: null,
  statusMessage: null,
  client: 
   { _connecting: false,
     _hadError: false,
     _handle: 
      { fd: 13,
        reading: true,
        owner: [Circular],
        onread: [Function: onread],
        onconnection: null,
        writeQueueSize: 0 },
     _parent: null,
     _host: null,
     _readableState: 
      { objectMode: false,
        highWaterMark: 16384,
        buffer: [],
        length: 0,
        pipes: null,
        pipesCount: 0,
        flowing: true,
        ended: false,
        endEmitted: false,
        reading: false,
        sync: false,
        needReadable: true,
        emittedReadable: false,
        readableListening: false,
        defaultEncoding: 'utf8',
        ranOut: false,
        awaitDrain: 0,
        readingMore: false,
        decoder: null,
        encoding: null,
        resumeScheduled: false },
     readable: true,
     domain: null,
     _events: 
      { end: [Object],
        finish: [Function: onSocketFinish],
        _socketEnd: [Function: onSocketEnd],
        drain: [Object],
        timeout: [Function],
        error: [Function: socketOnError],
        close: [Object],
        data: [Function: socketOnData] },
     _maxListeners: undefined,
     _writableState: 
      { objectMode: false,
        highWaterMark: 16384,
        needDrain: false,
        ending: false,
        ended: false,
        finished: false,
        decodeStrings: false,
        defaultEncoding: 'utf8',
        length: 0,
        writing: false,
        corked: 0,
        sync: true,
        bufferProcessing: false,
        onwrite: [Function],
        writecb: null,
        writelen: 0,
        bufferedRequest: null,
        lastBufferedRequest: null,
        pendingcb: 0,
        prefinished: false,
        errorEmitted: false },
     writable: true,
     allowHalfOpen: true,
     destroyed: false,
     bytesRead: 406,
     _bytesDispatched: 0,
     _pendingData: null,
     _pendingEncoding: '',
     server: 
      { domain: null,
        _events: [Object],
        _maxListeners: undefined,
        _connections: 1,
        _handle: [Object],
        _usingSlaves: false,
        _slaves: [],
        allowHalfOpen: true,
        pauseOnConnect: false,
        httpAllowHalfOpen: false,
        timeout: 120000,
        _connectionKey: '4:null:3000' },
     _idleTimeout: 120000,
     _idleNext: { _idleNext: [Circular], _idlePrev: [Circular] },
     _idlePrev: { _idleNext: [Circular], _idlePrev: [Circular] },
     _idleStart: 28260908,
     parser: 
      { '0': [Function: parserOnHeaders],
        '1': [Function: parserOnHeadersComplete],
        '2': [Function: parserOnBody],
        '3': [Function: parserOnMessageComplete],
        _headers: [],
        _url: '',
        socket: [Circular],
        incoming: [Circular],
        maxHeaderPairs: 2000,
        onIncoming: [Function: parserOnIncoming] },
     _paused: false,
     read: [Function],
     _consuming: true,
     _httpMessage: 
      { domain: null,
        _events: [Object],
        _maxListeners: undefined,
        output: [],
        outputEncodings: [],
        outputCallbacks: [],
        writable: true,
        _last: false,
        chunkedEncoding: false,
        shouldKeepAlive: true,
        useChunkedEncodingByDefault: true,
        sendDate: true,
        _removedHeader: {},
        _hasBody: true,
        _trailer: '',
        finished: false,
        _hangupClose: false,
        _headerSent: false,
        socket: [Circular],
        connection: [Circular],
        _header: null,
        _headers: [Object],
        _headerNames: [Object],
        req: [Circular],
        locals: {} } },
  _consuming: false,
  _dumped: false,
  next: [Function: next],
  baseUrl: '',
  originalUrl: '/send',
  _parsedUrl: 
   { protocol: null,
     slashes: null,
     auth: null,
     host: null,
     port: null,
     hostname: null,
     hash: null,
     search: null,
     query: null,
     pathname: '/send',
     path: '/send',
     href: '/send' },
  params: {},
  query: {},
  res: 
   { domain: null,
     _events: { prefinish: [Function: resOnFinish] },
     _maxListeners: undefined,
     output: [],
     outputEncodings: [],
     outputCallbacks: [],
     writable: true,
     _last: false,
     chunkedEncoding: false,
     shouldKeepAlive: true,
     useChunkedEncodingByDefault: true,
     sendDate: true,
     _removedHeader: {},
     _hasBody: true,
     _trailer: '',
     finished: false,
     _hangupClose: false,
     _headerSent: false,
     socket: 
      { _connecting: false,
        _hadError: false,
        _handle: [Object],
        _parent: null,
        _host: null,
        _readableState: [Object],
        readable: true,
        domain: null,
        _events: [Object],
        _maxListeners: undefined,
        _writableState: [Object],
        writable: true,
        allowHalfOpen: true,
        destroyed: false,
        bytesRead: 406,
        _bytesDispatched: 0,
        _pendingData: null,
        _pendingEncoding: '',
        server: [Object],
        _idleTimeout: 120000,
        _idleNext: [Object],
        _idlePrev: [Object],
        _idleStart: 28260908,
        parser: [Object],
        _paused: false,
        read: [Function],
        _consuming: true,
        _httpMessage: [Circular] },
     connection: 
      { _connecting: false,
        _hadError: false,
        _handle: [Object],
        _parent: null,
        _host: null,
        _readableState: [Object],
        readable: true,
        domain: null,
        _events: [Object],
        _maxListeners: undefined,
        _writableState: [Object],
        writable: true,
        allowHalfOpen: true,
        destroyed: false,
        bytesRead: 406,
        _bytesDispatched: 0,
        _pendingData: null,
        _pendingEncoding: '',
        server: [Object],
        _idleTimeout: 120000,
        _idleNext: [Object],
        _idlePrev: [Object],
        _idleStart: 28260908,
        parser: [Object],
        _paused: false,
        read: [Function],
        _consuming: true,
        _httpMessage: [Circular] },
     _header: null,
     _headers: { 'x-powered-by': 'Express' },
     _headerNames: { 'x-powered-by': 'X-Powered-By' },
     req: [Circular],
     locals: {} },
  route: { path: '/send', stack: [ [Object] ], methods: { get: true } } }
{ from: undefined, name: undefined, text: undefined }
{ [Error: connect ETIMEDOUT]
  code: 'ETIMEDOUT',
  errno: 'ETIMEDOUT',
  syscall: 'connect',
  stage: 'init' }
Express Started on Port 3000
events.js:85
      throw er; // Unhandled 'error' event
            ^
Error: listen EADDRINUSE
    at exports._errnoException (util.js:746:11)
    at Server._listen2 (net.js:1156:14)
    at listen (net.js:1182:10)
    at Server.listen (net.js:1267:5)
    at Function.app.listen (/Users/nicolasfourre/Documents/Gravitee.io/www/node_modules/express/lib/application.js:525:24)
    at Object.<anonymous> (/Users/nicolasfourre/Documents/Gravitee.io/www/mailer/server.js:47:5)
    at Module._compile (module.js:460:26)
    at Object.Module._extensions..js (module.js:478:10)
    at Module.load (module.js:355:32)
    at Function.Module._load (module.js:310:12)
events.js:85
      throw er; // Unhandled 'error' event
            ^
Error: listen EADDRINUSE
    at exports._errnoException (util.js:746:11)
    at Server._listen2 (net.js:1156:14)
    at listen (net.js:1182:10)
    at Server.listen (net.js:1267:5)
    at Function.app.listen (/Users/nicolasfourre/Documents/Gravitee.io/www/node_modules/express/lib/application.js:525:24)
    at Object.<anonymous> (/Users/nicolasfourre/Documents/Gravitee.io/www/mailer/server.js:47:5)
    at Module._compile (module.js:460:26)
    at Object.Module._extensions..js (module.js:478:10)
    at Module.load (module.js:355:32)
    at Function.Module._load (module.js:310:12)
events.js:85
      throw er; // Unhandled 'error' event
            ^
Error: listen EADDRINUSE
    at exports._errnoException (util.js:746:11)
    at Server._listen2 (net.js:1156:14)
    at listen (net.js:1182:10)
    at Server.listen (net.js:1267:5)
    at Function.app.listen (/Users/nicolasfourre/Documents/Gravitee.io/www/node_modules/express/lib/application.js:525:24)
    at Object.<anonymous> (/Users/nicolasfourre/Documents/Gravitee.io/www/mailer/server.js:47:5)
    at Module._compile (module.js:460:26)
    at Object.Module._extensions..js (module.js:478:10)
    at Module.load (module.js:355:32)
    at Function.Module._load (module.js:310:12)
events.js:85
      throw er; // Unhandled 'error' event
            ^
Error: listen EADDRINUSE
    at exports._errnoException (util.js:746:11)
    at Server._listen2 (net.js:1156:14)
    at listen (net.js:1182:10)
    at Server.listen (net.js:1267:5)
    at Function.app.listen (/Users/nicolasfourre/Documents/Gravitee.io/www/node_modules/express/lib/application.js:525:24)
    at Object.<anonymous> (/Users/nicolasfourre/Documents/Gravitee.io/www/mailer/server.js:47:5)
    at Module._compile (module.js:460:26)
    at Object.Module._extensions..js (module.js:478:10)
    at Module.load (module.js:355:32)
    at Function.Module._load (module.js:310:12)
events.js:85
      throw er; // Unhandled 'error' event
            ^
Error: listen EADDRINUSE
    at exports._errnoException (util.js:746:11)
    at Server._listen2 (net.js:1156:14)
    at listen (net.js:1182:10)
    at Server.listen (net.js:1267:5)
    at Function.app.listen (/Users/nicolasfourre/Documents/Gravitee.io/www/node_modules/express/lib/application.js:525:24)
    at Object.<anonymous> (/Users/nicolasfourre/Documents/Gravitee.io/www/mailer/server.js:47:5)
    at Module._compile (module.js:460:26)
    at Object.Module._extensions..js (module.js:478:10)
    at Module.load (module.js:355:32)
    at Function.Module._load (module.js:310:12)
Express Started on Port 3000
Express Started on Port 3000
Express Started on Port 3000
events.js:85
      throw er; // Unhandled 'error' event
            ^
Error: listen EADDRINUSE
    at exports._errnoException (util.js:746:11)
    at Server._listen2 (net.js:1156:14)
    at listen (net.js:1182:10)
    at Server.listen (net.js:1267:5)
    at Function.app.listen (/Users/nicolasfourre/Documents/Gravitee.io/www/node_modules/express/lib/application.js:525:24)
    at Object.<anonymous> (/Users/nicolasfourre/Documents/Gravitee.io/www/mailer/server.js:47:5)
    at Module._compile (module.js:460:26)
    at Object.Module._extensions..js (module.js:478:10)
    at Module.load (module.js:355:32)
    at Function.Module._load (module.js:310:12)
